<?xml version="1.0" encoding="UTF-8"?>
<testng-results ignored="0" total="1" passed="1" failed="0" skipped="0">
  <reporter-output>
  </reporter-output>
  <suite started-at="2022-01-23T17:03:17 EET" name="Default suite" finished-at="2022-01-23T17:03:21 EET" duration-ms="4378">
    <groups>
      <group name="cucumber">
        <method signature="AbstractTestNGCucumberTests.runScenario(io.cucumber.testng.PickleWrapper, io.cucumber.testng.FeatureWrapper)[pri:0, instance:runner.runner@3d1cfad4]" name="runScenario" class="io.cucumber.testng.AbstractTestNGCucumberTests"/>
      </group> <!-- cucumber -->
    </groups>
    <test started-at="2022-01-23T17:03:17 EET" name="Default test" finished-at="2022-01-23T17:03:21 EET" duration-ms="4378">
      <class name="runner.runner">
        <test-method is-config="true" signature="setUpClass()[pri:0, instance:runner.runner@3d1cfad4]" started-at="2022-01-23T17:03:17 EET" name="setUpClass" finished-at="2022-01-23T17:03:17 EET" duration-ms="318" status="PASS">
          <reporter-output>
          </reporter-output>
        </test-method> <!-- setUpClass -->
        <test-method signature="runScenario(io.cucumber.testng.PickleWrapper, io.cucumber.testng.FeatureWrapper)[pri:0, instance:runner.runner@3d1cfad4]" started-at="2022-01-23T17:03:17 EET" name="runScenario" description="Runs Cucumber Scenarios" data-provider="scenarios" finished-at="2022-01-23T17:03:21 EET" duration-ms="3904" status="PASS">
          <params>
            <param index="0">
              <value>
                <![CDATA["get number of views for each pattern"]]>
              </value>
            </param>
            <param index="1">
              <value>
                <![CDATA["get number of views for every pattern"]]>
              </value>
            </param>
          </params>
          <reporter-output>
          </reporter-output>
        </test-method> <!-- runScenario -->
        <test-method is-config="true" signature="tearDownClass()[pri:0, instance:runner.runner@3d1cfad4]" started-at="2022-01-23T17:03:21 EET" name="tearDownClass" finished-at="2022-01-23T17:03:21 EET" duration-ms="105" status="PASS">
          <reporter-output>
          </reporter-output>
        </test-method> <!-- tearDownClass -->
      </class> <!-- runner.runner -->
    </test> <!-- Default test -->
  </suite> <!-- Default suite -->
</testng-results>
